x64\debug\kernel.cu.obj
c:\users\bhaggar\downloads\guassiancuda (1)\guassian_blur_cuda\x64\debug\guassian_blur_cuda.lib
c:\users\bhaggar\downloads\guassiancuda (1)\guassian_blur_cuda\x64\debug\guassian_blur_cuda.exp
c:\users\bhaggar\downloads\guassiancuda (1)\guassian_blur_cuda\x64\debug\guassian_blur_cuda.ilk
c:\users\bhaggar\downloads\guassiancuda (1)\guassian_blur_cuda\x64\debug\guassian_blur_cuda.exe
c:\users\bhaggar\downloads\guassiancuda (1)\guassian_blur_cuda\x64\debug\guassian_blur_cuda.pdb
c:\users\bhaggar\downloads\guassiancuda (1)\guassian_blur_cuda\x64\debug\kernel.cu.cache
c:\users\bhaggar\downloads\guassiancuda (1)\guassian_blur_cuda\x64\debug\backup.obj
c:\users\bhaggar\downloads\guassiancuda (1)\guassian_blur_cuda\x64\debug\kernel.cu.obj
c:\users\bhaggar\downloads\guassiancuda (1)\guassian_blur_cuda\x64\debug\vc142.idb
c:\users\bhaggar\downloads\guassiancuda (1)\guassian_blur_cuda\x64\debug\vc142.pdb
c:\users\bhaggar\downloads\guassiancuda (1)\guassian_blur_cuda\x64\debug\guassian.3d810f34.tlog\cl.command.1.tlog
c:\users\bhaggar\downloads\guassiancuda (1)\guassian_blur_cuda\x64\debug\guassian.3d810f34.tlog\cl.read.1.tlog
c:\users\bhaggar\downloads\guassiancuda (1)\guassian_blur_cuda\x64\debug\guassian.3d810f34.tlog\cl.write.1.tlog
c:\users\bhaggar\downloads\guassiancuda (1)\guassian_blur_cuda\x64\debug\guassian.3d810f34.tlog\cudacompile.read.1u.tlog
c:\users\bhaggar\downloads\guassiancuda (1)\guassian_blur_cuda\x64\debug\guassian.3d810f34.tlog\cudacompile.write.1u.tlog
c:\users\bhaggar\downloads\guassiancuda (1)\guassian_blur_cuda\x64\debug\guassian.3d810f34.tlog\guassian_blur_cuda.write.1u.tlog
c:\users\bhaggar\downloads\guassiancuda (1)\guassian_blur_cuda\x64\debug\guassian.3d810f34.tlog\link.command.1.tlog
c:\users\bhaggar\downloads\guassiancuda (1)\guassian_blur_cuda\x64\debug\guassian.3d810f34.tlog\link.read.1.tlog
c:\users\bhaggar\downloads\guassiancuda (1)\guassian_blur_cuda\x64\debug\guassian.3d810f34.tlog\link.write.1.tlog
